<?xml version="1.0" encoding="UTF-8"?>
<testsuite xmlns:xsi="http://www.w3.org/2001/XMLSchema-instance" xsi:noNamespaceSchemaLocation="https://maven.apache.org/surefire/maven-surefire-plugin/xsd/surefire-test-report.xsd" version="3.0.1" name="com.eray.ceilingfan.AppTest" time="0.06" tests="4" errors="0" skipped="0" failures="0">
  <properties>
[...]
</properties>
  <testcase name="testSpeed" classname="com.eray.ceilingfan.AppTest" time="0.026"/>
  <testcase name="testSpeedAndDirection" classname="com.eray.ceilingfan.AppTest" time="0.003"/>
  <testcase name="testDirection" classname="com.eray.ceilingfan.AppTest" time="0.001"/>
  <testcase name="testInitialState" classname="com.eray.ceilingfan.AppTest" time="0.001"/>
</testsuite>